0 info it worked if it ends with ok
1 verbose cli [ '/usr/bin/node', '/usr/bin/npm', 'install', 'nokogiri' ]
2 info using npm@3.5.2
3 info using node@v8.10.0
4 silly loadCurrentTree Starting
5 silly install loadCurrentTree
6 silly install readLocalPackageData
7 silly fetchPackageMetaData nokogiri
8 silly fetchNamedPackageData nokogiri
9 silly mapToRegistry name nokogiri
10 silly mapToRegistry using default registry
11 silly mapToRegistry registry https://registry.npm.taobao.org/
12 silly mapToRegistry uri https://registry.npm.taobao.org/nokogiri
13 verbose request uri https://registry.npm.taobao.org/nokogiri
14 verbose request no auth needed
15 info attempt registry request try #1 at 2:26:14 PM
16 verbose request id 833dbbf7984b81d9
17 http request GET https://registry.npm.taobao.org/nokogiri
18 http 404 https://registry.npm.taobao.org/nokogiri
19 verbose headers { server: 'Tengine',
19 verbose headers   'content-type': 'application/json; charset=utf-8',
19 verbose headers   'content-length': '194',
19 verbose headers   connection: 'keep-alive',
19 verbose headers   date: 'Thu, 27 Aug 2020 06:26:15 GMT',
19 verbose headers   'x-current-requests': '1',
19 verbose headers   vary: 'Origin',
19 verbose headers   'x-readtime': '8',
19 verbose headers   'content-encoding': 'gzip',
19 verbose headers   'ali-swift-global-savetime': '1598509575',
19 verbose headers   via: 'cache15.l2cn2632[44,404-1280,M], cache52.l2cn2632[45,0], kunlun5.cn1478[62,404-1280,M], kunlun6.cn1478[78,0]',
19 verbose headers   'x-swift-error': 'orig response 4XX error, orig response 4XX error',
19 verbose headers   'x-cache': 'MISS TCP_MISS dirn:-2:-2',
19 verbose headers   'x-swift-savetime': 'Thu, 27 Aug 2020 06:26:15 GMT',
19 verbose headers   'x-swift-cachetime': '1',
19 verbose headers   'timing-allow-origin': '*',
19 verbose headers   eagleid: '70366c1a15985095754215900e' }
20 silly get cb [ 404,
20 silly get   { server: 'Tengine',
20 silly get     'content-type': 'application/json; charset=utf-8',
20 silly get     'content-length': '194',
20 silly get     connection: 'keep-alive',
20 silly get     date: 'Thu, 27 Aug 2020 06:26:15 GMT',
20 silly get     'x-current-requests': '1',
20 silly get     vary: 'Origin',
20 silly get     'x-readtime': '8',
20 silly get     'content-encoding': 'gzip',
20 silly get     'ali-swift-global-savetime': '1598509575',
20 silly get     via: 'cache15.l2cn2632[44,404-1280,M], cache52.l2cn2632[45,0], kunlun5.cn1478[62,404-1280,M], kunlun6.cn1478[78,0]',
20 silly get     'x-swift-error': 'orig response 4XX error, orig response 4XX error',
20 silly get     'x-cache': 'MISS TCP_MISS dirn:-2:-2',
20 silly get     'x-swift-savetime': 'Thu, 27 Aug 2020 06:26:15 GMT',
20 silly get     'x-swift-cachetime': '1',
20 silly get     'timing-allow-origin': '*',
20 silly get     eagleid: '70366c1a15985095754215900e' } ]
21 silly fetchPackageMetaData Error: Registry returned 404 for GET on https://registry.npm.taobao.org/nokogiri
21 silly fetchPackageMetaData     at makeError (/usr/share/npm/node_modules/npm-registry-client/lib/request.js:264:12)
21 silly fetchPackageMetaData     at CachingRegistryClient.<anonymous> (/usr/share/npm/node_modules/npm-registry-client/lib/request.js:242:14)
21 silly fetchPackageMetaData     at /usr/share/npm/node_modules/npm-registry-client/lib/request.js:178:7
21 silly fetchPackageMetaData     at Gunzip.onEnd (zlib.js:131:5)
21 silly fetchPackageMetaData     at emitNone (events.js:111:20)
21 silly fetchPackageMetaData     at Gunzip.emit (events.js:208:7)
21 silly fetchPackageMetaData     at endReadableNT (_stream_readable.js:1064:12)
21 silly fetchPackageMetaData     at _combinedTickCallback (internal/process/next_tick.js:138:11)
21 silly fetchPackageMetaData     at process._tickCallback (internal/process/next_tick.js:180:9)
21 silly fetchPackageMetaData  error for nokogiri { Error: Registry returned 404 for GET on https://registry.npm.taobao.org/nokogiri
21 silly fetchPackageMetaData     at makeError (/usr/share/npm/node_modules/npm-registry-client/lib/request.js:264:12)
21 silly fetchPackageMetaData     at CachingRegistryClient.<anonymous> (/usr/share/npm/node_modules/npm-registry-client/lib/request.js:242:14)
21 silly fetchPackageMetaData     at /usr/share/npm/node_modules/npm-registry-client/lib/request.js:178:7
21 silly fetchPackageMetaData     at Gunzip.onEnd (zlib.js:131:5)
21 silly fetchPackageMetaData     at emitNone (events.js:111:20)
21 silly fetchPackageMetaData     at Gunzip.emit (events.js:208:7)
21 silly fetchPackageMetaData     at endReadableNT (_stream_readable.js:1064:12)
21 silly fetchPackageMetaData     at _combinedTickCallback (internal/process/next_tick.js:138:11)
21 silly fetchPackageMetaData     at process._tickCallback (internal/process/next_tick.js:180:9) pkgid: 'nokogiri', statusCode: 404, code: 'E404' }
22 silly rollbackFailedOptional Starting
23 silly rollbackFailedOptional Finishing
24 silly runTopLevelLifecycles Starting
25 silly runTopLevelLifecycles Finishing
26 silly install printInstalled
27 verbose stack Error: Registry returned 404 for GET on https://registry.npm.taobao.org/nokogiri
27 verbose stack     at makeError (/usr/share/npm/node_modules/npm-registry-client/lib/request.js:264:12)
27 verbose stack     at CachingRegistryClient.<anonymous> (/usr/share/npm/node_modules/npm-registry-client/lib/request.js:242:14)
27 verbose stack     at /usr/share/npm/node_modules/npm-registry-client/lib/request.js:178:7
27 verbose stack     at Gunzip.onEnd (zlib.js:131:5)
27 verbose stack     at emitNone (events.js:111:20)
27 verbose stack     at Gunzip.emit (events.js:208:7)
27 verbose stack     at endReadableNT (_stream_readable.js:1064:12)
27 verbose stack     at _combinedTickCallback (internal/process/next_tick.js:138:11)
27 verbose stack     at process._tickCallback (internal/process/next_tick.js:180:9)
28 verbose statusCode 404
29 verbose pkgid nokogiri
30 verbose cwd /home/jcglqmoyx/projects/jcglqmoyx.github.io
31 error Linux 5.4.0-42-generic
32 error argv "/usr/bin/node" "/usr/bin/npm" "install" "nokogiri"
33 error node v8.10.0
34 error npm  v3.5.2
35 error code E404
36 error 404 Registry returned 404 for GET on https://registry.npm.taobao.org/nokogiri
37 error 404
38 error 404 'nokogiri' is not in the npm registry.
39 error 404 You should bug the author to publish it (or use the name yourself!)
40 error 404 Note that you can also install from a
41 error 404 tarball, folder, http url, or git url.
42 verbose exit [ 1, true ]
